mode: set
github.com/Franogales/divide-inversion/second/credito/credito.go:18.24,20.2 1 1
github.com/Franogales/divide-inversion/second/credito/credito.go:21.77,29.56 2 1
github.com/Franogales/divide-inversion/second/credito/credito.go:33.2,36.6 3 1
github.com/Franogales/divide-inversion/second/credito/credito.go:29.56,32.3 2 1
github.com/Franogales/divide-inversion/second/credito/credito.go:36.6,37.15 1 1
github.com/Franogales/divide-inversion/second/credito/credito.go:42.3,42.48 1 1
github.com/Franogales/divide-inversion/second/credito/credito.go:81.3,81.15 1 1
github.com/Franogales/divide-inversion/second/credito/credito.go:84.3,84.69 1 1
github.com/Franogales/divide-inversion/second/credito/credito.go:109.3,110.90 2 1
github.com/Franogales/divide-inversion/second/credito/credito.go:37.15,39.4 1 1
github.com/Franogales/divide-inversion/second/credito/credito.go:42.48,46.48 2 1
github.com/Franogales/divide-inversion/second/credito/credito.go:50.4,50.30 1 1
github.com/Franogales/divide-inversion/second/credito/credito.go:46.48,48.5 1 1
github.com/Franogales/divide-inversion/second/credito/credito.go:50.30,51.17 1 1
github.com/Franogales/divide-inversion/second/credito/credito.go:54.5,55.24 2 1
github.com/Franogales/divide-inversion/second/credito/credito.go:59.5,59.31 1 1
github.com/Franogales/divide-inversion/second/credito/credito.go:51.17,53.6 1 1
github.com/Franogales/divide-inversion/second/credito/credito.go:55.24,57.6 1 1
github.com/Franogales/divide-inversion/second/credito/credito.go:59.31,62.24 3 1
github.com/Franogales/divide-inversion/second/credito/credito.go:68.6,68.58 1 1
github.com/Franogales/divide-inversion/second/credito/credito.go:62.24,66.15 4 1
github.com/Franogales/divide-inversion/second/credito/credito.go:69.11,72.14 3 1
github.com/Franogales/divide-inversion/second/credito/credito.go:74.10,77.13 3 1
github.com/Franogales/divide-inversion/second/credito/credito.go:81.15,83.4 1 1
github.com/Franogales/divide-inversion/second/credito/credito.go:84.69,87.23 3 1
github.com/Franogales/divide-inversion/second/credito/credito.go:90.4,90.30 1 1
github.com/Franogales/divide-inversion/second/credito/credito.go:87.23,89.5 1 1
github.com/Franogales/divide-inversion/second/credito/credito.go:90.30,93.23 3 1
github.com/Franogales/divide-inversion/second/credito/credito.go:98.5,101.57 4 1
github.com/Franogales/divide-inversion/second/credito/credito.go:93.23,96.14 3 1
github.com/Franogales/divide-inversion/second/credito/credito.go:102.10,105.13 3 1
github.com/Franogales/divide-inversion/second/credito/credito.go:110.90,112.22 2 1
github.com/Franogales/divide-inversion/second/credito/credito.go:115.4,115.56 1 1
github.com/Franogales/divide-inversion/second/credito/credito.go:112.22,114.5 1 1
