mode: set
github.com/Franogales/divide-inversion/first/credito.go:29.77,36.56 2 1
github.com/Franogales/divide-inversion/first/credito.go:40.2,42.6 3 1
github.com/Franogales/divide-inversion/first/credito.go:36.56,39.3 2 1
github.com/Franogales/divide-inversion/first/credito.go:42.6,43.15 1 1
github.com/Franogales/divide-inversion/first/credito.go:46.3,46.48 1 1
github.com/Franogales/divide-inversion/first/credito.go:83.3,83.15 1 1
github.com/Franogales/divide-inversion/first/credito.go:86.3,86.69 1 1
github.com/Franogales/divide-inversion/first/credito.go:110.3,111.90 2 1
github.com/Franogales/divide-inversion/first/credito.go:43.15,45.4 1 1
github.com/Franogales/divide-inversion/first/credito.go:46.48,50.48 2 1
github.com/Franogales/divide-inversion/first/credito.go:53.4,53.30 1 1
github.com/Franogales/divide-inversion/first/credito.go:50.48,52.5 1 1
github.com/Franogales/divide-inversion/first/credito.go:53.30,54.17 1 1
github.com/Franogales/divide-inversion/first/credito.go:58.5,59.24 2 1
github.com/Franogales/divide-inversion/first/credito.go:62.5,62.31 1 1
github.com/Franogales/divide-inversion/first/credito.go:54.17,56.6 1 1
github.com/Franogales/divide-inversion/first/credito.go:59.24,61.6 1 1
github.com/Franogales/divide-inversion/first/credito.go:62.31,65.24 3 1
github.com/Franogales/divide-inversion/first/credito.go:71.6,71.58 1 1
github.com/Franogales/divide-inversion/first/credito.go:65.24,69.15 4 1
github.com/Franogales/divide-inversion/first/credito.go:72.11,75.14 3 1
github.com/Franogales/divide-inversion/first/credito.go:77.10,80.13 3 1
github.com/Franogales/divide-inversion/first/credito.go:83.15,85.4 1 1
github.com/Franogales/divide-inversion/first/credito.go:86.69,89.48 2 1
github.com/Franogales/divide-inversion/first/credito.go:92.4,92.30 1 1
github.com/Franogales/divide-inversion/first/credito.go:89.48,91.5 1 1
github.com/Franogales/divide-inversion/first/credito.go:92.30,95.23 3 1
github.com/Franogales/divide-inversion/first/credito.go:100.5,103.57 4 1
github.com/Franogales/divide-inversion/first/credito.go:95.23,98.14 3 1
github.com/Franogales/divide-inversion/first/credito.go:104.10,107.13 3 1
github.com/Franogales/divide-inversion/first/credito.go:111.90,113.22 2 1
github.com/Franogales/divide-inversion/first/credito.go:116.4,116.56 1 1
github.com/Franogales/divide-inversion/first/credito.go:113.22,115.5 1 1
