mode: set
github.com/Franogales/divide-inversion/first/credito.go:18.77,26.56 2 1
github.com/Franogales/divide-inversion/first/credito.go:30.2,33.6 3 1
github.com/Franogales/divide-inversion/first/credito.go:26.56,29.3 2 1
github.com/Franogales/divide-inversion/first/credito.go:33.6,34.15 1 1
github.com/Franogales/divide-inversion/first/credito.go:38.3,38.48 1 1
github.com/Franogales/divide-inversion/first/credito.go:77.3,77.15 1 1
github.com/Franogales/divide-inversion/first/credito.go:80.3,80.69 1 1
github.com/Franogales/divide-inversion/first/credito.go:104.3,105.90 2 1
github.com/Franogales/divide-inversion/first/credito.go:34.15,36.4 1 1
github.com/Franogales/divide-inversion/first/credito.go:38.48,42.48 2 1
github.com/Franogales/divide-inversion/first/credito.go:46.4,46.30 1 1
github.com/Franogales/divide-inversion/first/credito.go:42.48,44.5 1 1
github.com/Franogales/divide-inversion/first/credito.go:46.30,47.17 1 1
github.com/Franogales/divide-inversion/first/credito.go:50.5,51.24 2 1
github.com/Franogales/divide-inversion/first/credito.go:55.5,55.31 1 1
github.com/Franogales/divide-inversion/first/credito.go:47.17,49.6 1 1
github.com/Franogales/divide-inversion/first/credito.go:51.24,53.6 1 1
github.com/Franogales/divide-inversion/first/credito.go:55.31,58.24 3 1
github.com/Franogales/divide-inversion/first/credito.go:64.6,64.58 1 1
github.com/Franogales/divide-inversion/first/credito.go:58.24,62.15 4 1
github.com/Franogales/divide-inversion/first/credito.go:65.11,68.14 3 1
github.com/Franogales/divide-inversion/first/credito.go:70.10,73.13 3 1
github.com/Franogales/divide-inversion/first/credito.go:77.15,79.4 1 1
github.com/Franogales/divide-inversion/first/credito.go:80.69,82.48 2 1
github.com/Franogales/divide-inversion/first/credito.go:85.4,85.30 1 1
github.com/Franogales/divide-inversion/first/credito.go:82.48,84.5 1 1
github.com/Franogales/divide-inversion/first/credito.go:85.30,88.23 3 1
github.com/Franogales/divide-inversion/first/credito.go:93.5,96.57 4 1
github.com/Franogales/divide-inversion/first/credito.go:88.23,91.14 3 1
github.com/Franogales/divide-inversion/first/credito.go:97.10,100.13 3 1
github.com/Franogales/divide-inversion/first/credito.go:105.90,107.22 2 1
github.com/Franogales/divide-inversion/first/credito.go:110.4,110.56 1 1
github.com/Franogales/divide-inversion/first/credito.go:107.22,109.5 1 1
